c:\users\asus\desktop\1\魔塔1.4\change\change\debug\vc142.pdb
c:\users\asus\desktop\1\魔塔1.4\change\change\debug\vc142.idb
c:\users\asus\desktop\1\魔塔1.4\change\change\debug\1.obj
c:\users\asus\desktop\魔塔\change\change\debug\vc142.pdb
c:\users\asus\desktop\魔塔\change\change\debug\vc142.idb
c:\users\asus\desktop\魔塔\change\change\debug\1.obj
c:\users\asus\desktop\魔塔\change\debug\change.exe
c:\users\asus\desktop\魔塔\change\debug\change.ilk
c:\users\asus\desktop\魔塔\change\debug\change.pdb
c:\users\asus\desktop\1\魔塔1.4\change\change\debug\change.res
c:\users\asus\desktop\魔塔\change\change\debug\change.res
c:\users\asus\desktop\魔塔\change\change\debug\change.tlog\cl.command.1.tlog
c:\users\asus\desktop\魔塔\change\change\debug\change.tlog\cl.read.1.tlog
c:\users\asus\desktop\魔塔\change\change\debug\change.tlog\cl.write.1.tlog
c:\users\asus\desktop\魔塔\change\change\debug\change.tlog\link.command.1.tlog
c:\users\asus\desktop\魔塔\change\change\debug\change.tlog\link.read.1.tlog
c:\users\asus\desktop\魔塔\change\change\debug\change.tlog\link.write.1.tlog
c:\users\asus\desktop\魔塔\change\change\debug\change.tlog\rc.command.1.tlog
c:\users\asus\desktop\魔塔\change\change\debug\change.tlog\rc.read.1.tlog
c:\users\asus\desktop\魔塔\change\change\debug\change.tlog\rc.write.1.tlog
